Determining if the pthread_create exist failed with the following output:
Change Dir: /home/phil/ROCm/ROCm-OpenCL-Runtime/build/CMakeFiles/CMakeTmp

Run Build Command:"/usr/bin/make" "cmTC_3d868/fast"
/usr/bin/make -f CMakeFiles/cmTC_3d868.dir/build.make CMakeFiles/cmTC_3d868.dir/build
make[1]: Entering directory '/home/phil/ROCm/ROCm-OpenCL-Runtime/build/CMakeFiles/CMakeTmp'
Building C object CMakeFiles/cmTC_3d868.dir/CheckSymbolExists.c.o
/usr/bin/cc    -o CMakeFiles/cmTC_3d868.dir/CheckSymbolExists.c.o   -c /home/phil/ROCm/ROCm-OpenCL-Runtime/build/CMakeFiles/CMakeTmp/CheckSymbolExists.c
Linking C executable cmTC_3d868
/usr/bin/cmake -E cmake_link_script CMakeFiles/cmTC_3d868.dir/link.txt --verbose=1
/usr/bin/cc      -rdynamic CMakeFiles/cmTC_3d868.dir/CheckSymbolExists.c.o  -o cmTC_3d868 
CMakeFiles/cmTC_3d868.dir/CheckSymbolExists.c.o: In function `main':
CheckSymbolExists.c:(.text+0x1b): undefined reference to `pthread_create'
collect2: error: ld returned 1 exit status
CMakeFiles/cmTC_3d868.dir/build.make:97: recipe for target 'cmTC_3d868' failed
make[1]: *** [cmTC_3d868] Error 1
make[1]: Leaving directory '/home/phil/ROCm/ROCm-OpenCL-Runtime/build/CMakeFiles/CMakeTmp'
Makefile:126: recipe for target 'cmTC_3d868/fast' failed
make: *** [cmTC_3d868/fast] Error 2

File /home/phil/ROCm/ROCm-OpenCL-Runtime/build/CMakeFiles/CMakeTmp/CheckSymbolExists.c:
/* */
#include <pthread.h>

int main(int argc, char** argv)
{
  (void)argv;
#ifndef pthread_create
  return ((int*)(&pthread_create))[argc];
#else
  (void)argc;
  return 0;
#endif
}

Determining if the function pthread_create exists in the pthreads failed with the following output:
Change Dir: /home/phil/ROCm/ROCm-OpenCL-Runtime/build/CMakeFiles/CMakeTmp

Run Build Command:"/usr/bin/make" "cmTC_9f67e/fast"
/usr/bin/make -f CMakeFiles/cmTC_9f67e.dir/build.make CMakeFiles/cmTC_9f67e.dir/build
make[1]: Entering directory '/home/phil/ROCm/ROCm-OpenCL-Runtime/build/CMakeFiles/CMakeTmp'
Building C object CMakeFiles/cmTC_9f67e.dir/CheckFunctionExists.c.o
/usr/bin/cc   -DCHECK_FUNCTION_EXISTS=pthread_create   -o CMakeFiles/cmTC_9f67e.dir/CheckFunctionExists.c.o   -c /usr/share/cmake-3.10/Modules/CheckFunctionExists.c
Linking C executable cmTC_9f67e
/usr/bin/cmake -E cmake_link_script CMakeFiles/cmTC_9f67e.dir/link.txt --verbose=1
/usr/bin/cc  -DCHECK_FUNCTION_EXISTS=pthread_create    -rdynamic CMakeFiles/cmTC_9f67e.dir/CheckFunctionExists.c.o  -o cmTC_9f67e -lpthreads 
/usr/bin/ld: cannot find -lpthreads
collect2: error: ld returned 1 exit status
CMakeFiles/cmTC_9f67e.dir/build.make:97: recipe for target 'cmTC_9f67e' failed
make[1]: *** [cmTC_9f67e] Error 1
make[1]: Leaving directory '/home/phil/ROCm/ROCm-OpenCL-Runtime/build/CMakeFiles/CMakeTmp'
Makefile:126: recipe for target 'cmTC_9f67e/fast' failed
make: *** [cmTC_9f67e/fast] Error 2


Determining if the function __secure_getenv exists failed with the following output:
Change Dir: /home/phil/ROCm/ROCm-OpenCL-Runtime/build/CMakeFiles/CMakeTmp

Run Build Command:"/usr/bin/make" "cmTC_41b17/fast"
/usr/bin/make -f CMakeFiles/cmTC_41b17.dir/build.make CMakeFiles/cmTC_41b17.dir/build
make[1]: Entering directory '/home/phil/ROCm/ROCm-OpenCL-Runtime/build/CMakeFiles/CMakeTmp'
Building C object CMakeFiles/cmTC_41b17.dir/CheckFunctionExists.c.o
/usr/bin/cc   -DCHECK_FUNCTION_EXISTS=__secure_getenv   -o CMakeFiles/cmTC_41b17.dir/CheckFunctionExists.c.o   -c /usr/share/cmake-3.10/Modules/CheckFunctionExists.c
Linking C executable cmTC_41b17
/usr/bin/cmake -E cmake_link_script CMakeFiles/cmTC_41b17.dir/link.txt --verbose=1
/usr/bin/cc  -DCHECK_FUNCTION_EXISTS=__secure_getenv    -rdynamic CMakeFiles/cmTC_41b17.dir/CheckFunctionExists.c.o  -o cmTC_41b17 
CMakeFiles/cmTC_41b17.dir/CheckFunctionExists.c.o: In function `main':
CheckFunctionExists.c:(.text+0x10): undefined reference to `__secure_getenv'
collect2: error: ld returned 1 exit status
CMakeFiles/cmTC_41b17.dir/build.make:97: recipe for target 'cmTC_41b17' failed
make[1]: *** [cmTC_41b17] Error 1
make[1]: Leaving directory '/home/phil/ROCm/ROCm-OpenCL-Runtime/build/CMakeFiles/CMakeTmp'
Makefile:126: recipe for target 'cmTC_41b17/fast' failed
make: *** [cmTC_41b17/fast] Error 2


